<?xml version="1.0" encoding="UTF-8"?>
<testng-results skipped="0" failed="0" total="1" passed="1">
  <reporter-output>
  </reporter-output>
  <suite name="Default suite" duration-ms="46" started-at="2019-11-26T10:48:35Z" finished-at="2019-11-26T10:48:35Z">
    <groups>
    </groups>
    <test name="Default test" duration-ms="46" started-at="2019-11-26T10:48:35Z" finished-at="2019-11-26T10:48:35Z">
      <class name="NewTest">
        <test-method status="PASS" signature="beforeClass()[pri:0, instance:NewTest@1caa0244]" name="beforeClass" is-config="true" duration-ms="12" started-at="2019-11-26T16:18:35Z" finished-at="2019-11-26T16:18:35Z">
          <reporter-output>
          </reporter-output>
        </test-method> <!-- beforeClass -->
        <test-method status="PASS" signature="login()[pri:0, instance:NewTest@1caa0244]" name="login" duration-ms="6" started-at="2019-11-26T16:18:35Z" finished-at="2019-11-26T16:18:35Z">
          <reporter-output>
          </reporter-output>
        </test-method> <!-- login -->
      </class> <!-- NewTest -->
    </test> <!-- Default test -->
  </suite> <!-- Default suite -->
</testng-results>
